<?xml version="1.0" encoding="UTF-8"?>
<testng-results ignored="0" total="1" passed="1" failed="0" skipped="0">
  <reporter-output>
  </reporter-output>
  <suite started-at="2021-11-20T22:16:11 IST" name="Default suite" finished-at="2021-11-20T22:17:29 IST" duration-ms="78162">
    <groups>
    </groups>
    <test started-at="2021-11-20T22:16:11 IST" name="Default test" finished-at="2021-11-20T22:17:29 IST" duration-ms="78162">
      <class name="onetoone.TRequestwithdraw">
        <test-method signature="Connect()[pri:0, instance:onetoone.TRequestwithdraw@4fb3ee4e]" started-at="2021-11-20T22:16:11 IST" name="Connect" finished-at="2021-11-20T22:17:29 IST" duration-ms="78085" status="PASS">
          <reporter-output>
          </reporter-output>
        </test-method> <!-- Connect -->
      </class> <!-- onetoone.TRequestwithdraw -->
    </test> <!-- Default test -->
  </suite> <!-- Default suite -->
</testng-results>
