<?xml version="1.0" encoding="UTF-8"?>
<testng-results ignored="0" total="1" passed="1" failed="0" skipped="0">
  <reporter-output>
  </reporter-output>
  <suite started-at="2021-11-21T15:55:58 IST" name="Default suite" finished-at="2021-11-21T15:57:06 IST" duration-ms="67688">
    <groups>
    </groups>
    <test started-at="2021-11-21T15:55:58 IST" name="Default test" finished-at="2021-11-21T15:57:06 IST" duration-ms="67688">
      <class name="onetoone.StakeMaxamount">
        <test-method signature="Connect()[pri:0, instance:onetoone.StakeMaxamount@505fc5a4]" started-at="2021-11-21T15:55:58 IST" name="Connect" finished-at="2021-11-21T15:57:06 IST" duration-ms="67592" status="PASS">
          <reporter-output>
          </reporter-output>
        </test-method> <!-- Connect -->
      </class> <!-- onetoone.StakeMaxamount -->
    </test> <!-- Default test -->
  </suite> <!-- Default suite -->
</testng-results>
